<?xml version="1.0" encoding="UTF-8"?>
<testng-results skipped="0" failed="0" ignored="0" total="1" passed="1">
  <reporter-output>
  </reporter-output>
  <suite name="Default suite" duration-ms="29787" started-at="2023-11-10T15:26:14 IST" finished-at="2023-11-10T15:26:44 IST">
    <groups>
    </groups>
    <test name="Default test" duration-ms="29787" started-at="2023-11-10T15:26:14 IST" finished-at="2023-11-10T15:26:44 IST">
      <class name="com.example.instagram.Instagram">
        <test-method status="PASS" signature="uploadImageOnInstagram()[pri:0, instance:com.example.instagram.Instagram@64f6106c]" name="uploadImageOnInstagram" duration-ms="29713" started-at="2023-11-10T15:26:14 IST" finished-at="2023-11-10T15:26:44 IST">
          <reporter-output>
          </reporter-output>
        </test-method> <!-- uploadImageOnInstagram -->
      </class> <!-- com.example.instagram.Instagram -->
    </test> <!-- Default test -->
  </suite> <!-- Default suite -->
</testng-results>
